d:\yolo_v4\darknet\build\darknet\x64\release\image_opencv.obj
d:\yolo_v4\darknet\build\darknet\x64\release\yolo_v2_class.obj
d:\yolo_v4\darknet\build\darknet\x64\release\http_stream.obj
d:\yolo_v4\darknet\build\darknet\x64\release\activations.obj
d:\yolo_v4\darknet\build\darknet\x64\release\data.obj
d:\yolo_v4\darknet\build\darknet\x64\release\nightmare.obj
d:\yolo_v4\darknet\build\darknet\x64\release\route_layer.obj
d:\yolo_v4\darknet\build\darknet\x64\release\cifar.obj
d:\yolo_v4\darknet\build\darknet\x64\release\dropout_layer.obj
d:\yolo_v4\darknet\build\darknet\x64\release\local_layer.obj
d:\yolo_v4\darknet\build\darknet\x64\release\rnn.obj
d:\yolo_v4\darknet\build\darknet\x64\release\upsample_layer.obj
d:\yolo_v4\darknet\build\darknet\x64\release\art.obj
d:\yolo_v4\darknet\build\darknet\x64\release\darknet.obj
d:\yolo_v4\darknet\build\darknet\x64\release\matrix.obj
d:\yolo_v4\darknet\build\darknet\x64\release\rnn_layer.obj
d:\yolo_v4\darknet\build\darknet\x64\release\voxel.obj
d:\yolo_v4\darknet\build\darknet\x64\release\batchnorm_layer.obj
d:\yolo_v4\darknet\build\darknet\x64\release\crnn_layer.obj
d:\yolo_v4\darknet\build\darknet\x64\release\im2col.obj
d:\yolo_v4\darknet\build\darknet\x64\release\normalization_layer.obj
d:\yolo_v4\darknet\build\darknet\x64\release\shortcut_layer.obj
d:\yolo_v4\darknet\build\darknet\x64\release\compare.obj
d:\yolo_v4\darknet\build\darknet\x64\release\dark_cuda.obj
d:\yolo_v4\darknet\build\darknet\x64\release\go.obj
d:\yolo_v4\darknet\build\darknet\x64\release\region_layer.obj
d:\yolo_v4\darknet\build\darknet\x64\release\tag.obj
d:\yolo_v4\darknet\build\darknet\x64\release\coco.obj
d:\yolo_v4\darknet\build\darknet\x64\release\getopt.obj
d:\yolo_v4\darknet\build\darknet\x64\release\swag.obj
d:\yolo_v4\darknet\build\darknet\x64\release\box.obj
d:\yolo_v4\darknet\build\darknet\x64\release\cpu_gemm.obj
d:\yolo_v4\darknet\build\darknet\x64\release\gettimeofday.obj
d:\yolo_v4\darknet\build\darknet\x64\release\yolo_layer.obj
d:\yolo_v4\darknet\build\darknet\x64\release\classifier.obj
d:\yolo_v4\darknet\build\darknet\x64\release\dice.obj
d:\yolo_v4\darknet\build\darknet\x64\release\list.obj
d:\yolo_v4\darknet\build\darknet\x64\release\option_list.obj
d:\yolo_v4\darknet\build\darknet\x64\release\scale_channels_layer.obj
d:\yolo_v4\darknet\build\darknet\x64\release\blas.obj
d:\yolo_v4\darknet\build\darknet\x64\release\gemm.obj
d:\yolo_v4\darknet\build\darknet\x64\release\parser.obj
d:\yolo_v4\darknet\build\darknet\x64\release\yolo.obj
d:\yolo_v4\darknet\build\darknet\x64\release\connected_layer.obj
d:\yolo_v4\darknet\build\darknet\x64\release\crop_layer.obj
d:\yolo_v4\darknet\build\darknet\x64\release\image.obj
d:\yolo_v4\darknet\build\darknet\x64\release\writing.obj
d:\yolo_v4\darknet\build\darknet\x64\release\conv_lstm_layer.obj
d:\yolo_v4\darknet\build\darknet\x64\release\gaussian_yolo_layer.obj
d:\yolo_v4\darknet\build\darknet\x64\release\maxpool_layer.obj
d:\yolo_v4\darknet\build\darknet\x64\release\sam_layer.obj
d:\yolo_v4\darknet\build\darknet\x64\release\avgpool_layer.obj
d:\yolo_v4\darknet\build\darknet\x64\release\demo.obj
d:\yolo_v4\darknet\build\darknet\x64\release\convolutional_layer.obj
d:\yolo_v4\darknet\build\darknet\x64\release\detection_layer.obj
d:\yolo_v4\darknet\build\darknet\x64\release\lstm_layer.obj
d:\yolo_v4\darknet\build\darknet\x64\release\rnn_vid.obj
d:\yolo_v4\darknet\build\darknet\x64\release\utils.obj
d:\yolo_v4\darknet\build\darknet\x64\release\col2im.obj
d:\yolo_v4\darknet\build\darknet\x64\release\cost_layer.obj
d:\yolo_v4\darknet\build\darknet\x64\release\gru_layer.obj
d:\yolo_v4\darknet\build\darknet\x64\release\reorg_layer.obj
d:\yolo_v4\darknet\build\darknet\x64\release\softmax_layer.obj
d:\yolo_v4\darknet\build\darknet\x64\release\activation_layer.obj
d:\yolo_v4\darknet\build\darknet\x64\release\detector.obj
d:\yolo_v4\darknet\build\darknet\x64\release\network.obj
d:\yolo_v4\darknet\build\darknet\x64\release\tree.obj
d:\yolo_v4\darknet\build\darknet\x64\release\captcha.obj
d:\yolo_v4\darknet\build\darknet\x64\release\deconvolutional_layer.obj
d:\yolo_v4\darknet\build\darknet\x64\release\layer.obj
d:\yolo_v4\darknet\build\darknet\x64\release\reorg_old_layer.obj
d:\yolo_v4\darknet\build\darknet\x64\release\super.obj
d:\yolo_v4\darknet\build\darknet\x64\release\vc142.pdb
d:\yolo_v4\darknet\build\darknet\x64\yolo_cpp_dll.dll
d:\yolo_v4\darknet\build\darknet\x64\release\yolo_cpp_dll.ipdb
d:\yolo_v4\darknet\build\darknet\x64\release\yolo_cpp_dll.iobj
d:\yolo_v4\darknet\build\darknet\x64\yolo_cpp_dll.pdb
d:\yolo_v4\darknet\build\darknet\x64\yolo_cpp_dll.lib
d:\yolo_v4\darknet\build\darknet\x64\yolo_cpp_dll.exp
d:\yolo_v4\darknet\build\darknet\x64\release\yolo_cpp.4cf5694f.tlog\cl.10192.write.1.tlog
d:\yolo_v4\darknet\build\darknet\x64\release\yolo_cpp.4cf5694f.tlog\cl.command.1.tlog
d:\yolo_v4\darknet\build\darknet\x64\release\yolo_cpp.4cf5694f.tlog\cl.read.1.tlog
d:\yolo_v4\darknet\build\darknet\x64\release\yolo_cpp.4cf5694f.tlog\link.command.1.tlog
d:\yolo_v4\darknet\build\darknet\x64\release\yolo_cpp.4cf5694f.tlog\link.read.1.tlog
d:\yolo_v4\darknet\build\darknet\x64\release\yolo_cpp.4cf5694f.tlog\link.write.1.tlog
d:\yolo_v4\darknet\build\darknet\x64\release\yolo_cpp.4cf5694f.tlog\yolo_cpp_dll_no_gpu.write.1u.tlog
